<?xml version="1.0" encoding="UTF-8"?>
<testng-results ignored="0" total="1" passed="1" failed="0" skipped="0">
  <reporter-output>
  </reporter-output>
  <suite started-at="2025-06-27T20:31:49 IST" name="Default suite" finished-at="2025-06-27T20:32:18 IST" duration-ms="29453">
    <groups>
    </groups>
    <test started-at="2025-06-27T20:31:49 IST" name="Default test" finished-at="2025-06-27T20:32:18 IST" duration-ms="29453">
      <class name="dataDrivenExcel.libraryAPI">
        <test-method signature="libraryBook()[pri:0, instance:dataDrivenExcel.libraryAPI@3349e9bb]" started-at="2025-06-27T20:31:49 IST" name="libraryBook" finished-at="2025-06-27T20:32:18 IST" duration-ms="28827" status="PASS">
          <reporter-output>
          </reporter-output>
        </test-method> <!-- libraryBook -->
      </class> <!-- dataDrivenExcel.libraryAPI -->
    </test> <!-- Default test -->
  </suite> <!-- Default suite -->
</testng-results>
